2025-03-31 22:56:57,071 - root - INFO - Received message: key=107, value={"idx": 107, "text": " All right.", "type": "talk", "details": "BOTH", "episodeid": "21-7", "doctorid": 6}
2025-03-31 22:56:57,071 - root - INFO - Received message: key=112, value={"idx": 112, "text": " Show me your hands.", "type": "talk", "details": "EDGEWORTH", "episodeid": "21-7", "doctorid": 6}
2025-03-31 22:56:57,072 - root - INFO - Received message: key=119, value={"idx": 119, "text": " Good. Excellent. Come. Hold onto my sleeve.", "type": "talk", "details": "EDGEWORTH", "episodeid": "21-7", "doctorid": 6}
2025-03-31 22:56:57,072 - root - INFO - Received message: key=126, value={"idx": 126, "text": " Why ever not?", "type": "talk", "details": "DOCTOR", "episodeid": "21-7", "doctorid": 6}
2025-03-31 22:56:57,072 - root - INFO - Received message: key=127, value={"idx": 127, "text": " You look dreadful.", "type": "talk", "details": "PERI", "episodeid": "21-7", "doctorid": 6}
2025-03-31 22:56:57,072 - root - INFO - Received message: key=130, value={"idx": 130, "text": " And I don't?", "type": "talk", "details": "DOCTOR", "episodeid": "21-7", "doctorid": 6}
2025-03-31 22:56:57,072 - root - INFO - Received message: key=133, value={"idx": 133, "text": "The Jacondans are silver skinned birds with horns.", "type": "context", "details": null, "episodeid": "21-7", "doctorid": 6}
2025-03-31 22:56:57,072 - root - INFO - Received message: key=138, value={"idx": 138, "text": " At once.", "type": "talk", "details": "NOMA", "episodeid": "21-7", "doctorid": 6}
2025-03-31 22:56:57,072 - root - INFO - Received message: key=147, value={"idx": 147, "text": " Very soon.", "type": "talk", "details": "EDGEWORTH", "episodeid": "21-7", "doctorid": 6}
2025-03-31 22:56:57,072 - root - INFO - Received message: key=150, value={"idx": 150, "text": " You will remain at the safe house until further notice.", "type": "talk", "details": "MESTOR [OC]", "episodeid": "21-7", "doctorid": 6}
2025-03-31 22:56:57,072 - root - INFO - Received message: key=151, value={"idx": 151, "text": " As you command, Mestor.", "type": "talk", "details": "EDGEWORTH", "episodeid": "21-7", "doctorid": 6}
2025-03-31 22:56:57,072 - root - INFO - Received message: key=159, value={"idx": 159, "text": " You'll soon find out. It's a marvellous place for a holiday,and you and I both need a rest. I would have taken you to the Eye ofOrion, but er, the coordinates elude me at the moment. Peri.", "type": "talk", "details": "DOCTOR", "episodeid": "21-7", "doctorid": 6}
2025-03-31 22:56:57,072 - root - INFO - Received message: key=164, value={"idx": 164, "text": " I haven't the faintest idea.", "type": "talk", "details": "PERI", "episodeid": "21-7", "doctorid": 6}
2025-03-31 22:56:57,072 - root - INFO - Received message: key=167, value={"idx": 167, "text": " I'll tell you. A peri is a good and beautiful fairy in Persianmythology. The interesting thing is, before it became good, it wasevil. And that's what you are. Thoroughly evil.", "type": "talk", "details": "DOCTOR", "episodeid": "21-7", "doctorid": 6}
2025-03-31 22:56:57,072 - root - INFO - Received message: key=173, value={"idx": 173, "text": " Special Incident Room.", "type": "talk", "details": "LANG [on monitor]", "episodeid": "21-7", "doctorid": 6}
2025-03-31 22:56:57,072 - root - INFO - Received message: key=184, value={"idx": 184, "text": " Yes, I'm listening, Professor.", "type": "talk", "details": "LANG", "episodeid": "21-7", "doctorid": 6}
2025-03-31 22:56:57,072 - root - INFO - Received message: key=187, value={"idx": 187, "text": "Lang goes over to a woman who has just sat at her desk.", "type": "context", "details": null, "episodeid": "21-7", "doctorid": 6}
2025-03-31 22:56:57,072 - root - INFO - Received message: key=191, value={"idx": 191, "text": " Zanium? You know what that means.", "type": "talk", "details": "FABIAN", "episodeid": "21-7", "doctorid": 6}
2025-03-31 22:56:57,072 - root - INFO - Received message: key=192, value={"idx": 192, "text": " An extraterrestrial kidnap?", "type": "talk", "details": "LANG", "episodeid": "21-7", "doctorid": 6}
2025-03-31 22:56:57,073 - root - INFO - Received message: key=199, value={"idx": 199, "text": " I want a thorough scan. All unidentifiable space vehicles mustbe investigated.", "type": "talk", "details": "FABIAN", "episodeid": "21-7", "doctorid": 6}
2025-03-31 22:56:57,260 - root - INFO - Received message: key=101, value={"idx": 101, "text": " Nobody's allowed in when our parents are away.", "type": "talk", "details": "ROMULUS", "episodeid": "21-7", "doctorid": 6}
2025-03-31 22:56:57,260 - root - INFO - Received message: key=120, value={"idx": 120, "text": "Edgeworth rubs his signet ring, and all three vanish.", "type": "context", "details": null, "episodeid": "21-7", "doctorid": 6}
2025-03-31 22:56:57,260 - root - INFO - Received message: key=121, value={"idx": 121, "text": "Wardrobe room", "type": "location", "details": null, "episodeid": "21-7", "doctorid": 6}
2025-03-31 22:56:57,260 - root - INFO - Received message: key=122, value={"idx": 122, "text": "The Doctor has changed out of the grubby pastelsof the cricket outfit and into a gaudy frock coat where every panel isa different colour and pattern. He picks an enamel cat pin from a smallbox and fastens it to his lapel. With the mustard and red stripedtrousers and white spotted teal tie in a loose bow, he is verynoticeable.", "type": "context", "details": null, "episodeid": "21-7", "doctorid": 6}
2025-03-31 22:56:57,260 - root - INFO - Received message: key=128, value={"idx": 128, "text": " My dear, that is what people said about Beau Brummell. Rememberhim?", "type": "talk", "details": "DOCTOR", "episodeid": "21-7", "doctorid": 6}
2025-03-31 22:56:57,260 - root - INFO - Received message: key=134, value={"idx": 134, "text": " Right, his time is up. I shall contact Mestor.", "type": "talk", "details": "NOMA", "episodeid": "21-7", "doctorid": 6}
2025-03-31 22:56:57,261 - root - INFO - Received message: key=135, value={"idx": 135, "text": " Too late, he's got them. He's coming now.", "type": "talk", "details": "DRAK", "episodeid": "21-7", "doctorid": 6}
2025-03-31 22:56:57,261 - root - INFO - Received message: key=136, value={"idx": 136, "text": "Edgeworth and the twins transmat in.", "type": "context", "details": null, "episodeid": "21-7", "doctorid": 6}
2025-03-31 22:56:57,261 - root - INFO - Received message: key=137, value={"idx": 137, "text": " Lock them in the bunker.", "type": "talk", "details": "EDGEWORTH", "episodeid": "21-7", "doctorid": 6}
2025-03-31 22:56:57,261 - root - INFO - Received message: key=140, value={"idx": 140, "text": " Mestor?", "type": "talk", "details": "EDGEWORTH", "episodeid": "21-7", "doctorid": 6}
2025-03-31 22:56:57,261 - root - INFO - Received message: key=149, value={"idx": 149, "text": " At once.", "type": "talk", "details": "EDGEWORTH", "episodeid": "21-7", "doctorid": 6}
2025-03-31 22:56:57,261 - root - INFO - Received message: key=154, value={"idx": 154, "text": " Ta da!", "type": "talk", "details": "PERI", "episodeid": "21-7", "doctorid": 6}
2025-03-31 22:56:57,261 - root - INFO - Received message: key=156, value={"idx": 156, "text": " Where are we going?", "type": "talk", "details": "PERI", "episodeid": "21-7", "doctorid": 6}
2025-03-31 22:56:57,261 - root - INFO - Received message: key=157, value={"idx": 157, "text": " Vesta Ninety Five.", "type": "talk", "details": "DOCTOR", "episodeid": "21-7", "doctorid": 6}
2025-03-31 22:56:57,261 - root - INFO - Received message: key=162, value={"idx": 162, "text": " It's the diminutive of my proper name, Perpugilliam.", "type": "talk", "details": "PERI", "episodeid": "21-7", "doctorid": 6}
2025-03-31 22:56:57,261 - root - INFO - Received message: key=168, value={"idx": 168, "text": " Doctor, stop it!", "type": "talk", "details": "PERI", "episodeid": "21-7", "doctorid": 6}
2025-03-31 22:56:57,261 - root - INFO - Received message: key=175, value={"idx": 175, "text": " Sir?", "type": "talk", "details": "LANG [on monitor]", "episodeid": "21-7", "doctorid": 6}
2025-03-31 22:56:57,261 - root - INFO - Received message: key=176, value={"idx": 176, "text": " My children have been kidnapped.", "type": "talk", "details": "SYLVEST", "episodeid": "21-7", "doctorid": 6}
2025-03-31 22:56:57,261 - root - INFO - Received message: key=189, value={"idx": 189, "text": " What is it?", "type": "talk", "details": "FABIAN", "episodeid": "21-7", "doctorid": 6}
2025-03-31 22:56:57,261 - root - INFO - Received message: key=195, value={"idx": 195, "text": " Right, they're still within range. I'm ordering First Priority.Full scale search. I want all pursuit crews launched. Briefing willtake place in flight.", "type": "talk", "details": "FABIAN", "episodeid": "21-7", "doctorid": 6}
2025-03-31 22:56:57,261 - root - INFO - Received message: key=197, value={"idx": 197, "text": " And I want you flight leader.", "type": "talk", "details": "FABIAN", "episodeid": "21-7", "doctorid": 6}
2025-03-31 22:56:57,303 - root - INFO - Received message: key=100, value={"idx": 100, "text": " How does one enter a dwelling?", "type": "talk", "details": "EDGEWORTH", "episodeid": "21-7", "doctorid": 6}
2025-03-31 22:56:57,304 - root - INFO - Received message: key=102, value={"idx": 102, "text": " Oh, come now, do you think I look as though I'm going to doyou harm?", "type": "talk", "details": "EDGEWORTH", "episodeid": "21-7", "doctorid": 6}
2025-03-31 22:56:57,304 - root - INFO - Received message: key=103, value={"idx": 103, "text": " Beside the point. You oughtn't to be here.", "type": "talk", "details": "ROMULUS", "episodeid": "21-7", "doctorid": 6}
2025-03-31 22:56:57,304 - root - INFO - Received message: key=114, value={"idx": 114, "text": " Now, what are your names?", "type": "talk", "details": "EDGEWORTH", "episodeid": "21-7", "doctorid": 6}
2025-03-31 22:56:57,304 - root - INFO - Received message: key=129, value={"idx": 129, "text": " Well, he had taste, a feeling for style.", "type": "talk", "details": "PERI", "episodeid": "21-7", "doctorid": 6}
2025-03-31 22:56:57,304 - root - INFO - Received message: key=155, value={"idx": 155, "text": " Hmm? Yuck.", "type": "talk", "details": "DOCTOR", "episodeid": "21-7", "doctorid": 6}
2025-03-31 22:56:57,304 - root - INFO - Received message: key=174, value={"idx": 174, "text": " Professor Sylvest. Security clearance nine four one obliquetwo nine. They've gone!", "type": "talk", "details": "SYLVEST", "episodeid": "21-7", "doctorid": 6}
2025-03-31 22:56:57,304 - root - INFO - Received message: key=177, value={"idx": 177, "text": "Special Incident Room", "type": "location", "details": null, "episodeid": "21-7", "doctorid": 6}
2025-03-31 22:56:57,304 - root - INFO - Received message: key=181, value={"idx": 181, "text": " I found zanium on the floor. It looks serious.", "type": "talk", "details": "SYLVEST [on monitor]", "episodeid": "21-7", "doctorid": 6}
2025-03-31 22:56:57,304 - root - INFO - Received message: key=182, value={"idx": 182, "text": " Please leave this to us. I'll get the Commander to call you back.", "type": "talk", "details": "LANG", "episodeid": "21-7", "doctorid": 6}
2025-03-31 22:56:57,304 - root - INFO - Received message: key=188, value={"idx": 188, "text": " Sorry to disturb you, Commander.", "type": "talk", "details": "LANG", "episodeid": "21-7", "doctorid": 6}
2025-03-31 22:56:57,355 - root - INFO - Received message: key=104, value={"idx": 104, "text": " Oh, then I shall leave. When do you expect your parentsback?", "type": "talk", "details": "EDGEWORTH", "episodeid": "21-7", "doctorid": 6}
2025-03-31 22:56:57,355 - root - INFO - Received message: key=106, value={"idx": 106, "text": " Tell your father I'll call him.", "type": "talk", "details": "EDGEWORTH", "episodeid": "21-7", "doctorid": 6}
2025-03-31 22:56:57,355 - root - INFO - Received message: key=118, value={"idx": 118, "text": " We do not know.", "type": "talk", "details": "BOTH", "episodeid": "21-7", "doctorid": 6}
2025-03-31 22:56:57,355 - root - INFO - Received message: key=131, value={"idx": 131, "text": " Not if what you're wearing is an example. It's, oh, yuck.", "type": "talk", "details": "PERI", "episodeid": "21-7", "doctorid": 6}
2025-03-31 22:56:57,355 - root - INFO - Received message: key=132, value={"idx": 132, "text": "Freighter", "type": "location", "details": null, "episodeid": "21-7", "doctorid": 6}
2025-03-31 22:56:57,355 - root - INFO - Received message: key=144, value={"idx": 144, "text": " Are they docile?", "type": "talk", "details": "MESTOR [OC]", "episodeid": "21-7", "doctorid": 6}
2025-03-31 22:56:57,355 - root - INFO - Received message: key=146, value={"idx": 146, "text": " When will they be missed?", "type": "talk", "details": "MESTOR [OC]", "episodeid": "21-7", "doctorid": 6}
2025-03-31 22:56:57,356 - root - INFO - Received message: key=153, value={"idx": 153, "text": "Peri enters, having also changed her clothes to ablue plaid top and green skirt.", "type": "context", "details": null, "episodeid": "21-7", "doctorid": 6}
2025-03-31 22:56:57,356 - root - INFO - Received message: key=165, value={"idx": 165, "text": " Of course you don't. You don't even know what a peri(pronounced peeri) is, do you, Peri?", "type": "talk", "details": "DOCTOR", "episodeid": "21-7", "doctorid": 6}
2025-03-31 22:56:57,356 - root - INFO - Received message: key=166, value={"idx": 166, "text": " No.", "type": "talk", "details": "PERI", "episodeid": "21-7", "doctorid": 6}
2025-03-31 22:56:57,356 - root - INFO - Received message: key=170, value={"idx": 170, "text": "The Doctor lunges at Peri and grabs her around the throat. She managesto grab the mirror from the console before he throws her to the floor,then she shows him his reflection. He lets her go, recoiling in tears.", "type": "context", "details": null, "episodeid": "21-7", "doctorid": 6}
2025-03-31 22:56:57,356 - root - INFO - Received message: key=172, value={"idx": 172, "text": "Professor Sylvest has returned home to find theboys gone and some residue on the floor. He turns on a smallcommunication monitor.", "type": "context", "details": null, "episodeid": "21-7", "doctorid": 6}
2025-03-31 22:56:57,356 - root - INFO - Received message: key=178, value={"idx": 178, "text": " When did this happen?", "type": "talk", "details": "LANG", "episodeid": "21-7", "doctorid": 6}
2025-03-31 22:56:57,356 - root - INFO - Received message: key=186, value={"idx": 186, "text": " Yes, naturally you're anxious. Please leave this to us. I'll getthe Commander to call you back. Goodbye.", "type": "talk", "details": "LANG", "episodeid": "21-7", "doctorid": 6}
2025-03-31 22:56:57,356 - root - INFO - Received message: key=198, value={"idx": 198, "text": " Yes, Commander.", "type": "talk", "details": "LANG", "episodeid": "21-7", "doctorid": 6}
2025-03-31 22:56:57,393 - root - INFO - Received message: key=105, value={"idx": 105, "text": " We don't know.", "type": "talk", "details": "BOTH", "episodeid": "21-7", "doctorid": 6}
2025-03-31 22:56:57,393 - root - INFO - Received message: key=110, value={"idx": 110, "text": " Goodbye, Romulus. Our paths are bound to cross again.", "type": "talk", "details": "EDGEWORTH", "episodeid": "21-7", "doctorid": 6}
2025-03-31 22:56:57,393 - root - INFO - Received message: key=111, value={"idx": 111, "text": "He does the same to Romulus.", "type": "context", "details": null, "episodeid": "21-7", "doctorid": 6}
2025-03-31 22:56:57,393 - root - INFO - Received message: key=113, value={"idx": 113, "text": "The twins hold out their right hands. Each has a green circle on theirwrists.", "type": "context", "details": null, "episodeid": "21-7", "doctorid": 6}
2025-03-31 22:56:57,393 - root - INFO - Received message: key=124, value={"idx": 124, "text": " I'm always serious.", "type": "talk", "details": "DOCTOR", "episodeid": "21-7", "doctorid": 6}
2025-03-31 22:56:57,393 - root - INFO - Received message: key=125, value={"idx": 125, "text": " You can't go out dressed like that.", "type": "talk", "details": "PERI", "episodeid": "21-7", "doctorid": 6}
2025-03-31 22:56:57,393 - root - INFO - Received message: key=139, value={"idx": 139, "text": "The two Jacondans escort the twins out. Edgeworth picks up a smallcommunicator.", "type": "context", "details": null, "episodeid": "21-7", "doctorid": 6}
2025-03-31 22:56:57,393 - root - INFO - Received message: key=145, value={"idx": 145, "text": " For the moment, yes. I gave them a selective amnesia.", "type": "talk", "details": "EDGEWORTH", "episodeid": "21-7", "doctorid": 6}
2025-03-31 22:56:57,393 - root - INFO - Received message: key=152, value={"idx": 152, "text": "Tardis", "type": "location", "details": null, "episodeid": "21-7", "doctorid": 6}
2025-03-31 22:56:57,393 - root - INFO - Received message: key=158, value={"idx": 158, "text": " And where's that?", "type": "talk", "details": "PERI", "episodeid": "21-7", "doctorid": 6}
2025-03-31 22:56:57,393 - root - INFO - Received message: key=171, value={"idx": 171, "text": "Sylvest home", "type": "location", "details": null, "episodeid": "21-7", "doctorid": 6}
2025-03-31 22:56:57,393 - root - INFO - Received message: key=179, value={"idx": 179, "text": " Whilst I was out. Two hours maximum.", "type": "talk", "details": "SYLVEST [on monitor]", "episodeid": "21-7", "doctorid": 6}
2025-03-31 22:56:57,393 - root - INFO - Received message: key=185, value={"idx": 185, "text": " I'm very, very anxious.", "type": "talk", "details": "SYLVEST [on monitor]", "episodeid": "21-7", "doctorid": 6}
2025-03-31 22:56:57,393 - root - INFO - Received message: key=190, value={"idx": 190, "text": " The Sylvest twins are missing. The Professor found a dust-likedeposit on the floor of their room. He says it's zanium.", "type": "talk", "details": "LANG", "episodeid": "21-7", "doctorid": 6}
2025-03-31 22:56:57,393 - root - INFO - Received message: key=193, value={"idx": 193, "text": " If those twins have fallen into alien hands. This is somethingI've always feared. What's the time factor?", "type": "talk", "details": "FABIAN", "episodeid": "21-7", "doctorid": 6}
2025-03-31 22:56:57,424 - root - INFO - Received message: key=108, value={"idx": 108, "text": " Goodbye, Remus. It's been a privilege and pleasure.", "type": "talk", "details": "EDGEWORTH", "episodeid": "21-7", "doctorid": 6}
2025-03-31 22:56:57,424 - root - INFO - Received message: key=109, value={"idx": 109, "text": "Edgeworth clamps Remus' hand, and the boy goes very still.", "type": "context", "details": null, "episodeid": "21-7", "doctorid": 6}
2025-03-31 22:56:57,424 - root - INFO - Received message: key=115, value={"idx": 115, "text": " I am Romulus.", "type": "talk", "details": "ROMULUS", "episodeid": "21-7", "doctorid": 6}
2025-03-31 22:56:57,425 - root - INFO - Received message: key=116, value={"idx": 116, "text": " I am Remus.", "type": "talk", "details": "REMUS", "episodeid": "21-7", "doctorid": 6}
2025-03-31 22:56:57,425 - root - INFO - Received message: key=117, value={"idx": 117, "text": " What is this place?", "type": "talk", "details": "EDGEWORTH", "episodeid": "21-7", "doctorid": 6}
2025-03-31 22:56:57,425 - root - INFO - Received message: key=123, value={"idx": 123, "text": " You're not serious.", "type": "talk", "details": "PERI", "episodeid": "21-7", "doctorid": 6}
2025-03-31 22:56:57,425 - root - INFO - Received message: key=141, value={"idx": 141, "text": " Yes, Edgeworth.", "type": "talk", "details": "MESTOR [OC]", "episodeid": "21-7", "doctorid": 6}
2025-03-31 22:56:57,425 - root - INFO - Received message: key=142, value={"idx": 142, "text": "This might be telepathic, as a red image of something alien is visiblealong with Edgeworth.", "type": "context", "details": null, "episodeid": "21-7", "doctorid": 6}
2025-03-31 22:56:57,425 - root - INFO - Received message: key=143, value={"idx": 143, "text": " I have them on board.", "type": "talk", "details": "EDGEWORTH", "episodeid": "21-7", "doctorid": 6}
2025-03-31 22:56:57,425 - root - INFO - Received message: key=148, value={"idx": 148, "text": " You have no time to lose. There will be hue and cry. Iwant no trail to Jaconda. Take them to the safe house on Titan Three.", "type": "talk", "details": "MESTOR [OC]", "episodeid": "21-7", "doctorid": 6}
2025-03-31 22:56:57,425 - root - INFO - Received message: key=160, value={"idx": 160, "text": " Yes?", "type": "talk", "details": "PERI", "episodeid": "21-7", "doctorid": 6}
2025-03-31 22:56:57,425 - root - INFO - Received message: key=161, value={"idx": 161, "text": " How did you come by a name like that?", "type": "talk", "details": "DOCTOR", "episodeid": "21-7", "doctorid": 6}
2025-03-31 22:56:57,425 - root - INFO - Received message: key=163, value={"idx": 163, "text": " Indeed.  Onemorn, a peri at the gate of Eden stood disconsolate. Whowrote that?", "type": "talk", "details": "DOCTOR", "episodeid": "21-7", "doctorid": 6}
2025-03-31 22:56:57,425 - root - INFO - Received message: key=169, value={"idx": 169, "text": " No. No, not even a fairy. An alien spy, sent here to spy on me.Well, we all know the fate of alien spies.", "type": "talk", "details": "DOCTOR", "episodeid": "21-7", "doctorid": 6}
2025-03-31 22:56:57,425 - root - INFO - Received message: key=180, value={"idx": 180, "text": " I see. What are the indications?", "type": "talk", "details": "LANG", "episodeid": "21-7", "doctorid": 6}
2025-03-31 22:56:57,425 - root - INFO - Received message: key=183, value={"idx": 183, "text": " Are you listening to me?", "type": "talk", "details": "SYLVEST [on monitor]", "episodeid": "21-7", "doctorid": 6}
2025-03-31 22:56:57,425 - root - INFO - Received message: key=194, value={"idx": 194, "text": " He says two hours maximum.", "type": "talk", "details": "LANG", "episodeid": "21-7", "doctorid": 6}
2025-03-31 22:56:57,425 - root - INFO - Received message: key=196, value={"idx": 196, "text": " Commander.", "type": "talk", "details": "LANG", "episodeid": "21-7", "doctorid": 6}
2025-03-31 22:57:32,543 - root - INFO - Consumer interrupted by user
2025-03-31 22:57:33,417 - root - INFO - Consumer closed
